All task requests sent
All work completed
 * Serving Flask app 'app' (lazy loading)
 * Environment: production
   WARNING: This is a development server. Do not use it in a production deployment.
   Use a production WSGI server instead.
 * Debug mode: on
All task requests sent
All work completed
<br/>================ SYSTEM LOG ======================== <br/>
EXTRACT OKE !!! *.ZIP <br/>
YOUR MODEL IS IN QUEUE !!! *.zip
====================================================
<br/>train.create_model object at 0x15962af10
<br/>================ SYSTEM LOG ======================== <br/>
WORK ON test_7_envgame_model <br/>
====================================================<br/>
Found 3209 files belonging to 4 classes.
Using 2568 files for training.
2021-11-18 13:44:40.289603: I tensorflow/core/platform/cpu_feature_guard.cc:142] This TensorFlow binary is optimized with oneAPI Deep Neural Network Library (oneDNN) to use the following CPU instructions in performance-critical operations:  AVX2 FMA
To enable them in other operations, rebuild TensorFlow with the appropriate compiler flags.
Found 3209 files belonging to 4 classes.
Using 641 files for validation.
4
224
Model: "model_1"
_________________________________________________________________
Layer (type)                 Output Shape              Param #   
=================================================================
input_1 (InputLayer)         [(None, 224, 224, 3)]     0         
_________________________________________________________________
model (Functional)           (None, 4)                 3232964   
=================================================================
Total params: 3,232,964
Trainable params: 1,867,780
Non-trainable params: 1,365,184
_________________________________________________________________
/Users/minhducnguyen/Library/Python/3.8/lib/python/site-packages/keras/optimizer_v2/optimizer_v2.py:355: UserWarning: The `lr` argument is deprecated, use `learning_rate` instead.
  warnings.warn(
2021-11-18 13:44:42.025714: I tensorflow/compiler/mlir/mlir_graph_optimization_pass.cc:185] None of the MLIR Optimization Passes are enabled (registered 2)
Epoch 1/10
14/81 [====>.........................] - ETA: 1:04 - loss: 1.3023 - accuracy: 0.7911